[2026-03-24 18:09:21] Auto-sync started (branch=main, interval=10s)
[2026-03-24 18:09:21] Auto-sync started (branch=main, interval=10s)
[2026-03-24 18:09:21] Changes detected. Running add/commit/push...
[2026-03-24 18:09:21] Changes detected. Running add/commit/push...
[main e8bb5fd] auto-sync: 2026-03-24 18:09:21
 7 files changed, 106 insertions(+), 2 deletions(-)
 create mode 100644 .github/workflows/vercel-deploy.yml
 create mode 100644 logs/auto-sync.log
 create mode 100644 logs/auto-sync.pid
 create mode 100755 scripts/auto-sync-push.sh
 create mode 100755 scripts/start-auto-sync.sh
 create mode 100755 scripts/stop-auto-sync.sh
[main e8bb5fd] auto-sync: 2026-03-24 18:09:21
 7 files changed, 106 insertions(+), 2 deletions(-)
 create mode 100644 .github/workflows/vercel-deploy.yml
 create mode 100644 logs/auto-sync.log
 create mode 100644 logs/auto-sync.pid
 create mode 100755 scripts/auto-sync-push.sh
 create mode 100755 scripts/start-auto-sync.sh
 create mode 100755 scripts/stop-auto-sync.sh
To https://github.com/ruffy80/generate-unicorn.git
   e4628e5..e8bb5fd  main -> main
[2026-03-24 18:09:24] Push done.
[2026-03-24 18:09:24] Push done.
[2026-03-24 18:09:34] Changes detected. Running add/commit/push...
[2026-03-24 18:09:34] Changes detected. Running add/commit/push...
[main 71c2c0f] auto-sync: 2026-03-24 18:09:34
 1 file changed, 22 insertions(+)
[main 71c2c0f] auto-sync: 2026-03-24 18:09:34
 1 file changed, 22 insertions(+)
To https://github.com/ruffy80/generate-unicorn.git
   e8bb5fd..71c2c0f  main -> main
[2026-03-24 18:09:37] Push done.
[2026-03-24 18:09:37] Push done.
[2026-03-24 18:09:47] Changes detected. Running add/commit/push...
[2026-03-24 18:09:47] Changes detected. Running add/commit/push...
